<?xml version="1.0" encoding="UTF-8"?>
<!-- Generated by org.testng.reporters.JUnitReportReporter -->
<testsuite hostname="DESKTOP-1ILS8EV" failures="0" tests="1" name="pavan.Practice" time="0.010" errors="0" timestamp="2024-08-08T10:03:30 IST" skipped="0">
  <testcase classname="pavan.Practice" name="m3" time="0.010"/>
</testsuite> <!-- pavan.Practice -->
