<?xml version="1.0" encoding="UTF-8"?>
<!-- Generated by org.testng.reporters.JUnitReportReporter -->
<testsuite hostname="PavanKalyan" failures="0" tests="1" name="pavan.DuplicateInString" time="13.286" errors="0" timestamp="2024-08-03T17:25:39 IST" skipped="0">
  <testcase classname="pavan.DuplicateInString" name="m1" time="13.286"/>
</testsuite> <!-- pavan.DuplicateInString -->
